Refreshing run status every 3 seconds. Press Ctrl+C to quit.

* pr-controle compose-hhh-v11 · 27751630002
Triggered via workflow_dispatch less than a minute ago

JOBS
* compose (ID 82103274098)
  ✓ Set up job
  * Run actions/checkout@v4
  * Configure git identity
  * Resolve base ref
  * Fetch base tag + refuse MSCL
  * Materialize hhh-v11-base
  * Discover open fork-feat PRs
  * Compose hhh-v11
  * Allowlist compose bot for CLA
  * Install + build
  * Test api
  * Publish hhh-v11
  * Report skipped features or failed tests
  * Post Run actions/checkout@v4
Refreshing run status every 3 seconds. Press Ctrl+C to quit.

* pr-controle compose-hhh-v11 · 27751630002
Triggered via workflow_dispatch less than a minute ago

JOBS
* compose (ID 82103274098)
  ✓ Set up job
  * Run actions/checkout@v4
  * Configure git identity
  * Resolve base ref
  * Fetch base tag + refuse MSCL
  * Materialize hhh-v11-base
  * Discover open fork-feat PRs
  * Compose hhh-v11
  * Allowlist compose bot for CLA
  * Install + build
  * Test api
  * Publish hhh-v11
  * Report skipped features or failed tests
  * Post Run actions/checkout@v4
Refreshing run status every 3 seconds. Press Ctrl+C to quit.

* pr-controle compose-hhh-v11 · 27751630002
Triggered via workflow_dispatch less than a minute ago

JOBS
* compose (ID 82103274098)
  ✓ Set up job
  * Run actions/checkout@v4
  * Configure git identity
  * Resolve base ref
  * Fetch base tag + refuse MSCL
  * Materialize hhh-v11-base
  * Discover open fork-feat PRs
  * Compose hhh-v11
  * Allowlist compose bot for CLA
  * Install + build
  * Test api
  * Publish hhh-v11
  * Report skipped features or failed tests
  * Post Run actions/checkout@v4
Refreshing run status every 3 seconds. Press Ctrl+C to quit.

* pr-controle compose-hhh-v11 · 27751630002
Triggered via workflow_dispatch less than a minute ago

JOBS
* compose (ID 82103274098)
  ✓ Set up job
  * Run actions/checkout@v4
  * Configure git identity
  * Resolve base ref
  * Fetch base tag + refuse MSCL
  * Materialize hhh-v11-base
  * Discover open fork-feat PRs
  * Compose hhh-v11
  * Allowlist compose bot for CLA
  * Install + build
  * Test api
  * Publish hhh-v11
  * Report skipped features or failed tests
  * Post Run actions/checkout@v4
Refreshing run status every 3 seconds. Press Ctrl+C to quit.

* pr-controle compose-hhh-v11 · 27751630002
Triggered via workflow_dispatch less than a minute ago

JOBS
* compose (ID 82103274098)
  ✓ Set up job
  * Run actions/checkout@v4
  * Configure git identity
  * Resolve base ref
  * Fetch base tag + refuse MSCL
  * Materialize hhh-v11-base
  * Discover open fork-feat PRs
  * Compose hhh-v11
  * Allowlist compose bot for CLA
  * Install + build
  * Test api
  * Publish hhh-v11
  * Report skipped features or failed tests
  * Post Run actions/checkout@v4
Refreshing run status every 3 seconds. Press Ctrl+C to quit.

* pr-controle compose-hhh-v11 · 27751630002
Triggered via workflow_dispatch less than a minute ago

JOBS
* compose (ID 82103274098)
  ✓ Set up job
  * Run actions/checkout@v4
  * Configure git identity
  * Resolve base ref
  * Fetch base tag + refuse MSCL
  * Materialize hhh-v11-base
  * Discover open fork-feat PRs
  * Compose hhh-v11
  * Allowlist compose bot for CLA
  * Install + build
  * Test api
  * Publish hhh-v11
  * Report skipped features or failed tests
  * Post Run actions/checkout@v4
Refreshing run status every 3 seconds. Press Ctrl+C to quit.

* pr-controle compose-hhh-v11 · 27751630002
Triggered via workflow_dispatch less than a minute ago

JOBS
* compose (ID 82103274098)
  ✓ Set up job
  ✓ Run actions/checkout@v4
  ✓ Configure git identity
  ✓ Resolve base ref
  ✓ Fetch base tag + refuse MSCL
  * Materialize hhh-v11-base
  * Discover open fork-feat PRs
  * Compose hhh-v11
  * Allowlist compose bot for CLA
  * Install + build
  * Test api
  * Publish hhh-v11
  * Report skipped features or failed tests
  * Post Run actions/checkout@v4
Refreshing run status every 3 seconds. Press Ctrl+C to quit.

* pr-controle compose-hhh-v11 · 27751630002
Triggered via workflow_dispatch less than a minute ago

JOBS
* compose (ID 82103274098)
  ✓ Set up job
  ✓ Run actions/checkout@v4
  ✓ Configure git identity
  ✓ Resolve base ref
  ✓ Fetch base tag + refuse MSCL
  ✓ Materialize hhh-v11-base
  ✓ Discover open fork-feat PRs
  * Compose hhh-v11
  * Allowlist compose bot for CLA
  * Install + build
  * Test api
  * Publish hhh-v11
  * Report skipped features or failed tests
  * Post Run actions/checkout@v4
Refreshing run status every 3 seconds. Press Ctrl+C to quit.

* pr-controle compose-hhh-v11 · 27751630002
Triggered via workflow_dispatch less than a minute ago

JOBS
* compose (ID 82103274098)
  ✓ Set up job
  ✓ Run actions/checkout@v4
  ✓ Configure git identity
  ✓ Resolve base ref
  ✓ Fetch base tag + refuse MSCL
  ✓ Materialize hhh-v11-base
  ✓ Discover open fork-feat PRs
  ✓ Compose hhh-v11
  ✓ Allowlist compose bot for CLA
  * Install + build
  * Test api
  * Publish hhh-v11
  * Report skipped features or failed tests
  * Post Run actions/checkout@v4
Refreshing run status every 3 seconds. Press Ctrl+C to quit.

* pr-controle compose-hhh-v11 · 27751630002
Triggered via workflow_dispatch less than a minute ago

JOBS
* compose (ID 82103274098)
  ✓ Set up job
  ✓ Run actions/checkout@v4
  ✓ Configure git identity
  ✓ Resolve base ref
  ✓ Fetch base tag + refuse MSCL
  ✓ Materialize hhh-v11-base
  ✓ Discover open fork-feat PRs
  ✓ Compose hhh-v11
  ✓ Allowlist compose bot for CLA
  * Install + build
  * Test api
  * Publish hhh-v11
  * Report skipped features or failed tests
  * Post Install + build
  * Post Run actions/checkout@v4
Refreshing run status every 3 seconds. Press Ctrl+C to quit.

* pr-controle compose-hhh-v11 · 27751630002
Triggered via workflow_dispatch less than a minute ago

JOBS
* compose (ID 82103274098)
  ✓ Set up job
  ✓ Run actions/checkout@v4
  ✓ Configure git identity
  ✓ Resolve base ref
  ✓ Fetch base tag + refuse MSCL
  ✓ Materialize hhh-v11-base
  ✓ Discover open fork-feat PRs
  ✓ Compose hhh-v11
  ✓ Allowlist compose bot for CLA
  * Install + build
  * Test api
  * Publish hhh-v11
  * Report skipped features or failed tests
  * Post Install + build
  * Post Run actions/checkout@v4
Refreshing run status every 3 seconds. Press Ctrl+C to quit.

* pr-controle compose-hhh-v11 · 27751630002
Triggered via workflow_dispatch less than a minute ago

JOBS
* compose (ID 82103274098)
  ✓ Set up job
  ✓ Run actions/checkout@v4
  ✓ Configure git identity
  ✓ Resolve base ref
  ✓ Fetch base tag + refuse MSCL
  ✓ Materialize hhh-v11-base
  ✓ Discover open fork-feat PRs
  ✓ Compose hhh-v11
  ✓ Allowlist compose bot for CLA
  * Install + build
  * Test api
  * Publish hhh-v11
  * Report skipped features or failed tests
  * Post Install + build
  * Post Run actions/checkout@v4
Refreshing run status every 3 seconds. Press Ctrl+C to quit.

* pr-controle compose-hhh-v11 · 27751630002
Triggered via workflow_dispatch about 1 minute ago

JOBS
* compose (ID 82103274098)
  ✓ Set up job
  ✓ Run actions/checkout@v4
  ✓ Configure git identity
  ✓ Resolve base ref
  ✓ Fetch base tag + refuse MSCL
  ✓ Materialize hhh-v11-base
  ✓ Discover open fork-feat PRs
  ✓ Compose hhh-v11
  ✓ Allowlist compose bot for CLA
  * Install + build
  * Test api
  * Publish hhh-v11
  * Report skipped features or failed tests
  * Post Install + build
  * Post Run actions/checkout@v4
Refreshing run status every 3 seconds. Press Ctrl+C to quit.

* pr-controle compose-hhh-v11 · 27751630002
Triggered via workflow_dispatch about 1 minute ago

JOBS
* compose (ID 82103274098)
  ✓ Set up job
  ✓ Run actions/checkout@v4
  ✓ Configure git identity
  ✓ Resolve base ref
  ✓ Fetch base tag + refuse MSCL
  ✓ Materialize hhh-v11-base
  ✓ Discover open fork-feat PRs
  ✓ Compose hhh-v11
  ✓ Allowlist compose bot for CLA
  * Install + build
  * Test api
  * Publish hhh-v11
  * Report skipped features or failed tests
  * Post Install + build
  * Post Run actions/checkout@v4
Refreshing run status every 3 seconds. Press Ctrl+C to quit.

* pr-controle compose-hhh-v11 · 27751630002
Triggered via workflow_dispatch about 1 minute ago

JOBS
* compose (ID 82103274098)
  ✓ Set up job
  ✓ Run actions/checkout@v4
  ✓ Configure git identity
  ✓ Resolve base ref
  ✓ Fetch base tag + refuse MSCL
  ✓ Materialize hhh-v11-base
  ✓ Discover open fork-feat PRs
  ✓ Compose hhh-v11
  ✓ Allowlist compose bot for CLA
  * Install + build
  * Test api
  * Publish hhh-v11
  * Report skipped features or failed tests
  * Post Install + build
  * Post Run actions/checkout@v4
Refreshing run status every 3 seconds. Press Ctrl+C to quit.

* pr-controle compose-hhh-v11 · 27751630002
Triggered via workflow_dispatch about 1 minute ago

JOBS
* compose (ID 82103274098)
  ✓ Set up job
  ✓ Run actions/checkout@v4
  ✓ Configure git identity
  ✓ Resolve base ref
  ✓ Fetch base tag + refuse MSCL
  ✓ Materialize hhh-v11-base
  ✓ Discover open fork-feat PRs
  ✓ Compose hhh-v11
  ✓ Allowlist compose bot for CLA
  * Install + build
  * Test api
  * Publish hhh-v11
  * Report skipped features or failed tests
  * Post Install + build
  * Post Run actions/checkout@v4
Refreshing run status every 3 seconds. Press Ctrl+C to quit.

* pr-controle compose-hhh-v11 · 27751630002
Triggered via workflow_dispatch about 1 minute ago

JOBS
* compose (ID 82103274098)
  ✓ Set up job
  ✓ Run actions/checkout@v4
  ✓ Configure git identity
  ✓ Resolve base ref
  ✓ Fetch base tag + refuse MSCL
  ✓ Materialize hhh-v11-base
  ✓ Discover open fork-feat PRs
  ✓ Compose hhh-v11
  ✓ Allowlist compose bot for CLA
  * Install + build
  * Test api
  * Publish hhh-v11
  * Report skipped features or failed tests
  * Post Install + build
  * Post Run actions/checkout@v4
Refreshing run status every 3 seconds. Press Ctrl+C to quit.

* pr-controle compose-hhh-v11 · 27751630002
Triggered via workflow_dispatch about 1 minute ago

JOBS
* compose (ID 82103274098)
  ✓ Set up job
  ✓ Run actions/checkout@v4
  ✓ Configure git identity
  ✓ Resolve base ref
  ✓ Fetch base tag + refuse MSCL
  ✓ Materialize hhh-v11-base
  ✓ Discover open fork-feat PRs
  ✓ Compose hhh-v11
  ✓ Allowlist compose bot for CLA
  * Install + build
  * Test api
  * Publish hhh-v11
  * Report skipped features or failed tests
  * Post Install + build
  * Post Run actions/checkout@v4
Refreshing run status every 3 seconds. Press Ctrl+C to quit.

* pr-controle compose-hhh-v11 · 27751630002
Triggered via workflow_dispatch about 1 minute ago

JOBS
* compose (ID 82103274098)
  ✓ Set up job
  ✓ Run actions/checkout@v4
  ✓ Configure git identity
  ✓ Resolve base ref
  ✓ Fetch base tag + refuse MSCL
  ✓ Materialize hhh-v11-base
  ✓ Discover open fork-feat PRs
  ✓ Compose hhh-v11
  ✓ Allowlist compose bot for CLA
  * Install + build
  * Test api
  * Publish hhh-v11
  * Report skipped features or failed tests
  * Post Install + build
  * Post Run actions/checkout@v4
Refreshing run status every 3 seconds. Press Ctrl+C to quit.

* pr-controle compose-hhh-v11 · 27751630002
Triggered via workflow_dispatch about 1 minute ago

JOBS
* compose (ID 82103274098)
  ✓ Set up job
  ✓ Run actions/checkout@v4
  ✓ Configure git identity
  ✓ Resolve base ref
  ✓ Fetch base tag + refuse MSCL
  ✓ Materialize hhh-v11-base
  ✓ Discover open fork-feat PRs
  ✓ Compose hhh-v11
  ✓ Allowlist compose bot for CLA
  * Install + build
  * Test api
  * Publish hhh-v11
  * Report skipped features or failed tests
  * Post Install + build
  * Post Run actions/checkout@v4
Refreshing run status every 3 seconds. Press Ctrl+C to quit.

* pr-controle compose-hhh-v11 · 27751630002
Triggered via workflow_dispatch about 1 minute ago

JOBS
* compose (ID 82103274098)
  ✓ Set up job
  ✓ Run actions/checkout@v4
  ✓ Configure git identity
  ✓ Resolve base ref
  ✓ Fetch base tag + refuse MSCL
  ✓ Materialize hhh-v11-base
  ✓ Discover open fork-feat PRs
  ✓ Compose hhh-v11
  ✓ Allowlist compose bot for CLA
  * Install + build
  * Test api
  * Publish hhh-v11
  * Report skipped features or failed tests
  * Post Install + build
  * Post Run actions/checkout@v4
Refreshing run status every 3 seconds. Press Ctrl+C to quit.

* pr-controle compose-hhh-v11 · 27751630002
Triggered via workflow_dispatch about 1 minute ago

JOBS
* compose (ID 82103274098)
  ✓ Set up job
  ✓ Run actions/checkout@v4
  ✓ Configure git identity
  ✓ Resolve base ref
  ✓ Fetch base tag + refuse MSCL
  ✓ Materialize hhh-v11-base
  ✓ Discover open fork-feat PRs
  ✓ Compose hhh-v11
  ✓ Allowlist compose bot for CLA
  * Install + build
  * Test api
  * Publish hhh-v11
  * Report skipped features or failed tests
  * Post Install + build
  * Post Run actions/checkout@v4
Refreshing run status every 3 seconds. Press Ctrl+C to quit.

* pr-controle compose-hhh-v11 · 27751630002
Triggered via workflow_dispatch about 1 minute ago

JOBS
* compose (ID 82103274098)
  ✓ Set up job
  ✓ Run actions/checkout@v4
  ✓ Configure git identity
  ✓ Resolve base ref
  ✓ Fetch base tag + refuse MSCL
  ✓ Materialize hhh-v11-base
  ✓ Discover open fork-feat PRs
  ✓ Compose hhh-v11
  ✓ Allowlist compose bot for CLA
  * Install + build
  * Test api
  * Publish hhh-v11
  * Report skipped features or failed tests
  * Post Install + build
  * Post Run actions/checkout@v4
Refreshing run status every 3 seconds. Press Ctrl+C to quit.

* pr-controle compose-hhh-v11 · 27751630002
Triggered via workflow_dispatch about 1 minute ago

JOBS
* compose (ID 82103274098)
  ✓ Set up job
  ✓ Run actions/checkout@v4
  ✓ Configure git identity
  ✓ Resolve base ref
  ✓ Fetch base tag + refuse MSCL
  ✓ Materialize hhh-v11-base
  ✓ Discover open fork-feat PRs
  ✓ Compose hhh-v11
  ✓ Allowlist compose bot for CLA
  * Install + build
  * Test api
  * Publish hhh-v11
  * Report skipped features or failed tests
  * Post Install + build
  * Post Run actions/checkout@v4
Refreshing run status every 3 seconds. Press Ctrl+C to quit.

* pr-controle compose-hhh-v11 · 27751630002
Triggered via workflow_dispatch about 1 minute ago

JOBS
* compose (ID 82103274098)
  ✓ Set up job
  ✓ Run actions/checkout@v4
  ✓ Configure git identity
  ✓ Resolve base ref
  ✓ Fetch base tag + refuse MSCL
  ✓ Materialize hhh-v11-base
  ✓ Discover open fork-feat PRs
  ✓ Compose hhh-v11
  ✓ Allowlist compose bot for CLA
  * Install + build
  * Test api
  * Publish hhh-v11
  * Report skipped features or failed tests
  * Post Install + build
  * Post Run actions/checkout@v4
Refreshing run status every 3 seconds. Press Ctrl+C to quit.

* pr-controle compose-hhh-v11 · 27751630002
Triggered via workflow_dispatch about 1 minute ago

JOBS
* compose (ID 82103274098)
  ✓ Set up job
  ✓ Run actions/checkout@v4
  ✓ Configure git identity
  ✓ Resolve base ref
  ✓ Fetch base tag + refuse MSCL
  ✓ Materialize hhh-v11-base
  ✓ Discover open fork-feat PRs
  ✓ Compose hhh-v11
  ✓ Allowlist compose bot for CLA
  * Install + build
  * Test api
  * Publish hhh-v11
  * Report skipped features or failed tests
  * Post Install + build
  * Post Run actions/checkout@v4
Refreshing run status every 3 seconds. Press Ctrl+C to quit.

* pr-controle compose-hhh-v11 · 27751630002
Triggered via workflow_dispatch about 1 minute ago

JOBS
* compose (ID 82103274098)
  ✓ Set up job
  ✓ Run actions/checkout@v4
  ✓ Configure git identity
  ✓ Resolve base ref
  ✓ Fetch base tag + refuse MSCL
  ✓ Materialize hhh-v11-base
  ✓ Discover open fork-feat PRs
  ✓ Compose hhh-v11
  ✓ Allowlist compose bot for CLA
  * Install + build
  * Test api
  * Publish hhh-v11
  * Report skipped features or failed tests
  * Post Install + build
  * Post Run actions/checkout@v4
Refreshing run status every 3 seconds. Press Ctrl+C to quit.

* pr-controle compose-hhh-v11 · 27751630002
Triggered via workflow_dispatch about 2 minutes ago

JOBS
* compose (ID 82103274098)
  ✓ Set up job
  ✓ Run actions/checkout@v4
  ✓ Configure git identity
  ✓ Resolve base ref
  ✓ Fetch base tag + refuse MSCL
  ✓ Materialize hhh-v11-base
  ✓ Discover open fork-feat PRs
  ✓ Compose hhh-v11
  ✓ Allowlist compose bot for CLA
  * Install + build
  * Test api
  * Publish hhh-v11
  * Report skipped features or failed tests
  * Post Install + build
  * Post Run actions/checkout@v4
Refreshing run status every 3 seconds. Press Ctrl+C to quit.

* pr-controle compose-hhh-v11 · 27751630002
Triggered via workflow_dispatch about 2 minutes ago

JOBS
* compose (ID 82103274098)
  ✓ Set up job
  ✓ Run actions/checkout@v4
  ✓ Configure git identity
  ✓ Resolve base ref
  ✓ Fetch base tag + refuse MSCL
  ✓ Materialize hhh-v11-base
  ✓ Discover open fork-feat PRs
  ✓ Compose hhh-v11
  ✓ Allowlist compose bot for CLA
  * Install + build
  * Test api
  * Publish hhh-v11
  * Report skipped features or failed tests
  * Post Install + build
  * Post Run actions/checkout@v4
Refreshing run status every 3 seconds. Press Ctrl+C to quit.

* pr-controle compose-hhh-v11 · 27751630002
Triggered via workflow_dispatch about 2 minutes ago

JOBS
* compose (ID 82103274098)
  ✓ Set up job
  ✓ Run actions/checkout@v4
  ✓ Configure git identity
  ✓ Resolve base ref
  ✓ Fetch base tag + refuse MSCL
  ✓ Materialize hhh-v11-base
  ✓ Discover open fork-feat PRs
  ✓ Compose hhh-v11
  ✓ Allowlist compose bot for CLA
  * Install + build
  * Test api
  * Publish hhh-v11
  * Report skipped features or failed tests
  * Post Install + build
  * Post Run actions/checkout@v4
Refreshing run status every 3 seconds. Press Ctrl+C to quit.

* pr-controle compose-hhh-v11 · 27751630002
Triggered via workflow_dispatch about 2 minutes ago

JOBS
* compose (ID 82103274098)
  ✓ Set up job
  ✓ Run actions/checkout@v4
  ✓ Configure git identity
  ✓ Resolve base ref
  ✓ Fetch base tag + refuse MSCL
  ✓ Materialize hhh-v11-base
  ✓ Discover open fork-feat PRs
  ✓ Compose hhh-v11
  ✓ Allowlist compose bot for CLA
  * Install + build
  * Test api
  * Publish hhh-v11
  * Report skipped features or failed tests
  * Post Install + build
  * Post Run actions/checkout@v4
Refreshing run status every 3 seconds. Press Ctrl+C to quit.

* pr-controle compose-hhh-v11 · 27751630002
Triggered via workflow_dispatch about 2 minutes ago

JOBS
* compose (ID 82103274098)
  ✓ Set up job
  ✓ Run actions/checkout@v4
  ✓ Configure git identity
  ✓ Resolve base ref
  ✓ Fetch base tag + refuse MSCL
  ✓ Materialize hhh-v11-base
  ✓ Discover open fork-feat PRs
  ✓ Compose hhh-v11
  ✓ Allowlist compose bot for CLA
  * Install + build
  * Test api
  * Publish hhh-v11
  * Report skipped features or failed tests
  * Post Install + build
  * Post Run actions/checkout@v4
Refreshing run status every 3 seconds. Press Ctrl+C to quit.

* pr-controle compose-hhh-v11 · 27751630002
Triggered via workflow_dispatch about 2 minutes ago

JOBS
* compose (ID 82103274098)
  ✓ Set up job
  ✓ Run actions/checkout@v4
  ✓ Configure git identity
  ✓ Resolve base ref
  ✓ Fetch base tag + refuse MSCL
  ✓ Materialize hhh-v11-base
  ✓ Discover open fork-feat PRs
  ✓ Compose hhh-v11
  ✓ Allowlist compose bot for CLA
  * Install + build
  * Test api
  * Publish hhh-v11
  * Report skipped features or failed tests
  * Post Install + build
  * Post Run actions/checkout@v4
Refreshing run status every 3 seconds. Press Ctrl+C to quit.

* pr-controle compose-hhh-v11 · 27751630002
Triggered via workflow_dispatch about 2 minutes ago

JOBS
* compose (ID 82103274098)
  ✓ Set up job
  ✓ Run actions/checkout@v4
  ✓ Configure git identity
  ✓ Resolve base ref
  ✓ Fetch base tag + refuse MSCL
  ✓ Materialize hhh-v11-base
  ✓ Discover open fork-feat PRs
  ✓ Compose hhh-v11
  ✓ Allowlist compose bot for CLA
  * Install + build
  * Test api
  * Publish hhh-v11
  * Report skipped features or failed tests
  * Post Install + build
  * Post Run actions/checkout@v4
Refreshing run status every 3 seconds. Press Ctrl+C to quit.

* pr-controle compose-hhh-v11 · 27751630002
Triggered via workflow_dispatch about 2 minutes ago

JOBS
* compose (ID 82103274098)
  ✓ Set up job
  ✓ Run actions/checkout@v4
  ✓ Configure git identity
  ✓ Resolve base ref
  ✓ Fetch base tag + refuse MSCL
  ✓ Materialize hhh-v11-base
  ✓ Discover open fork-feat PRs
  ✓ Compose hhh-v11
  ✓ Allowlist compose bot for CLA
  ✓ Install + build
  * Test api
  * Publish hhh-v11
  * Report skipped features or failed tests
  * Post Install + build
  * Post Run actions/checkout@v4
Refreshing run status every 3 seconds. Press Ctrl+C to quit.

* pr-controle compose-hhh-v11 · 27751630002
Triggered via workflow_dispatch about 2 minutes ago

JOBS
* compose (ID 82103274098)
  ✓ Set up job
  ✓ Run actions/checkout@v4
  ✓ Configure git identity
  ✓ Resolve base ref
  ✓ Fetch base tag + refuse MSCL
  ✓ Materialize hhh-v11-base
  ✓ Discover open fork-feat PRs
  ✓ Compose hhh-v11
  ✓ Allowlist compose bot for CLA
  ✓ Install + build
  * Test api
  * Publish hhh-v11
  * Report skipped features or failed tests
  * Post Install + build
  * Post Run actions/checkout@v4
Refreshing run status every 3 seconds. Press Ctrl+C to quit.

* pr-controle compose-hhh-v11 · 27751630002
Triggered via workflow_dispatch about 2 minutes ago

JOBS
* compose (ID 82103274098)
  ✓ Set up job
  ✓ Run actions/checkout@v4
  ✓ Configure git identity
  ✓ Resolve base ref
  ✓ Fetch base tag + refuse MSCL
  ✓ Materialize hhh-v11-base
  ✓ Discover open fork-feat PRs
  ✓ Compose hhh-v11
  ✓ Allowlist compose bot for CLA
  ✓ Install + build
  * Test api
  * Publish hhh-v11
  * Report skipped features or failed tests
  * Post Install + build
  * Post Run actions/checkout@v4
Refreshing run status every 3 seconds. Press Ctrl+C to quit.

* pr-controle compose-hhh-v11 · 27751630002
Triggered via workflow_dispatch about 2 minutes ago

JOBS
* compose (ID 82103274098)
  ✓ Set up job
  ✓ Run actions/checkout@v4
  ✓ Configure git identity
  ✓ Resolve base ref
  ✓ Fetch base tag + refuse MSCL
  ✓ Materialize hhh-v11-base
  ✓ Discover open fork-feat PRs
  ✓ Compose hhh-v11
  ✓ Allowlist compose bot for CLA
  ✓ Install + build
  * Test api
  * Publish hhh-v11
  * Report skipped features or failed tests
  * Post Install + build
  * Post Run actions/checkout@v4
Refreshing run status every 3 seconds. Press Ctrl+C to quit.

* pr-controle compose-hhh-v11 · 27751630002
Triggered via workflow_dispatch about 2 minutes ago

JOBS
* compose (ID 82103274098)
  ✓ Set up job
  ✓ Run actions/checkout@v4
  ✓ Configure git identity
  ✓ Resolve base ref
  ✓ Fetch base tag + refuse MSCL
  ✓ Materialize hhh-v11-base
  ✓ Discover open fork-feat PRs
  ✓ Compose hhh-v11
  ✓ Allowlist compose bot for CLA
  ✓ Install + build
  * Test api
  * Publish hhh-v11
  * Report skipped features or failed tests
  * Post Install + build
  * Post Run actions/checkout@v4
Refreshing run status every 3 seconds. Press Ctrl+C to quit.

* pr-controle compose-hhh-v11 · 27751630002
Triggered via workflow_dispatch about 2 minutes ago

JOBS
* compose (ID 82103274098)
  ✓ Set up job
  ✓ Run actions/checkout@v4
  ✓ Configure git identity
  ✓ Resolve base ref
  ✓ Fetch base tag + refuse MSCL
  ✓ Materialize hhh-v11-base
  ✓ Discover open fork-feat PRs
  ✓ Compose hhh-v11
  ✓ Allowlist compose bot for CLA
  ✓ Install + build
  * Test api
  * Publish hhh-v11
  * Report skipped features or failed tests
  * Post Install + build
  * Post Run actions/checkout@v4
Refreshing run status every 3 seconds. Press Ctrl+C to quit.

* pr-controle compose-hhh-v11 · 27751630002
Triggered via workflow_dispatch about 2 minutes ago

JOBS
* compose (ID 82103274098)
  ✓ Set up job
  ✓ Run actions/checkout@v4
  ✓ Configure git identity
  ✓ Resolve base ref
  ✓ Fetch base tag + refuse MSCL
  ✓ Materialize hhh-v11-base
  ✓ Discover open fork-feat PRs
  ✓ Compose hhh-v11
  ✓ Allowlist compose bot for CLA
  ✓ Install + build
  * Test api
  * Publish hhh-v11
  * Report skipped features or failed tests
  * Post Install + build
  * Post Run actions/checkout@v4
Refreshing run status every 3 seconds. Press Ctrl+C to quit.

* pr-controle compose-hhh-v11 · 27751630002
Triggered via workflow_dispatch about 2 minutes ago

JOBS
* compose (ID 82103274098)
  ✓ Set up job
  ✓ Run actions/checkout@v4
  ✓ Configure git identity
  ✓ Resolve base ref
  ✓ Fetch base tag + refuse MSCL
  ✓ Materialize hhh-v11-base
  ✓ Discover open fork-feat PRs
  ✓ Compose hhh-v11
  ✓ Allowlist compose bot for CLA
  ✓ Install + build
  * Test api
  * Publish hhh-v11
  * Report skipped features or failed tests
  * Post Install + build
  * Post Run actions/checkout@v4
Refreshing run status every 3 seconds. Press Ctrl+C to quit.

* pr-controle compose-hhh-v11 · 27751630002
Triggered via workflow_dispatch about 3 minutes ago

JOBS
* compose (ID 82103274098)
  ✓ Set up job
  ✓ Run actions/checkout@v4
  ✓ Configure git identity
  ✓ Resolve base ref
  ✓ Fetch base tag + refuse MSCL
  ✓ Materialize hhh-v11-base
  ✓ Discover open fork-feat PRs
  ✓ Compose hhh-v11
  ✓ Allowlist compose bot for CLA
  ✓ Install + build
  * Test api
  * Publish hhh-v11
  * Report skipped features or failed tests
  * Post Install + build
  * Post Run actions/checkout@v4
Refreshing run status every 3 seconds. Press Ctrl+C to quit.

* pr-controle compose-hhh-v11 · 27751630002
Triggered via workflow_dispatch about 3 minutes ago

JOBS
* compose (ID 82103274098)
  ✓ Set up job
  ✓ Run actions/checkout@v4
  ✓ Configure git identity
  ✓ Resolve base ref
  ✓ Fetch base tag + refuse MSCL
  ✓ Materialize hhh-v11-base
  ✓ Discover open fork-feat PRs
  ✓ Compose hhh-v11
  ✓ Allowlist compose bot for CLA
  ✓ Install + build
  * Test api
  * Publish hhh-v11
  * Report skipped features or failed tests
  * Post Install + build
  * Post Run actions/checkout@v4
Refreshing run status every 3 seconds. Press Ctrl+C to quit.

* pr-controle compose-hhh-v11 · 27751630002
Triggered via workflow_dispatch about 3 minutes ago

JOBS
* compose (ID 82103274098)
  ✓ Set up job
  ✓ Run actions/checkout@v4
  ✓ Configure git identity
  ✓ Resolve base ref
  ✓ Fetch base tag + refuse MSCL
  ✓ Materialize hhh-v11-base
  ✓ Discover open fork-feat PRs
  ✓ Compose hhh-v11
  ✓ Allowlist compose bot for CLA
  ✓ Install + build
  * Test api
  * Publish hhh-v11
  * Report skipped features or failed tests
  * Post Install + build
  * Post Run actions/checkout@v4
Refreshing run status every 3 seconds. Press Ctrl+C to quit.

* pr-controle compose-hhh-v11 · 27751630002
Triggered via workflow_dispatch about 3 minutes ago

JOBS
* compose (ID 82103274098)
  ✓ Set up job
  ✓ Run actions/checkout@v4
  ✓ Configure git identity
  ✓ Resolve base ref
  ✓ Fetch base tag + refuse MSCL
  ✓ Materialize hhh-v11-base
  ✓ Discover open fork-feat PRs
  ✓ Compose hhh-v11
  ✓ Allowlist compose bot for CLA
  ✓ Install + build
  * Test api
  * Publish hhh-v11
  * Report skipped features or failed tests
  * Post Install + build
  * Post Run actions/checkout@v4
Refreshing run status every 3 seconds. Press Ctrl+C to quit.

* pr-controle compose-hhh-v11 · 27751630002
Triggered via workflow_dispatch about 3 minutes ago

JOBS
* compose (ID 82103274098)
  ✓ Set up job
  ✓ Run actions/checkout@v4
  ✓ Configure git identity
  ✓ Resolve base ref
  ✓ Fetch base tag + refuse MSCL
  ✓ Materialize hhh-v11-base
  ✓ Discover open fork-feat PRs
  ✓ Compose hhh-v11
  ✓ Allowlist compose bot for CLA
  ✓ Install + build
  * Test api
  * Publish hhh-v11
  * Report skipped features or failed tests
  * Post Install + build
  * Post Run actions/checkout@v4
Refreshing run status every 3 seconds. Press Ctrl+C to quit.

* pr-controle compose-hhh-v11 · 27751630002
Triggered via workflow_dispatch about 3 minutes ago

JOBS
* compose (ID 82103274098)
  ✓ Set up job
  ✓ Run actions/checkout@v4
  ✓ Configure git identity
  ✓ Resolve base ref
  ✓ Fetch base tag + refuse MSCL
  ✓ Materialize hhh-v11-base
  ✓ Discover open fork-feat PRs
  ✓ Compose hhh-v11
  ✓ Allowlist compose bot for CLA
  ✓ Install + build
  * Test api
  * Publish hhh-v11
  * Report skipped features or failed tests
  * Post Install + build
  * Post Run actions/checkout@v4
Refreshing run status every 3 seconds. Press Ctrl+C to quit.

* pr-controle compose-hhh-v11 · 27751630002
Triggered via workflow_dispatch about 3 minutes ago

JOBS
* compose (ID 82103274098)
  ✓ Set up job
  ✓ Run actions/checkout@v4
  ✓ Configure git identity
  ✓ Resolve base ref
  ✓ Fetch base tag + refuse MSCL
  ✓ Materialize hhh-v11-base
  ✓ Discover open fork-feat PRs
  ✓ Compose hhh-v11
  ✓ Allowlist compose bot for CLA
  ✓ Install + build
  * Test api
  * Publish hhh-v11
  * Report skipped features or failed tests
  * Post Install + build
  * Post Run actions/checkout@v4
Refreshing run status every 3 seconds. Press Ctrl+C to quit.

* pr-controle compose-hhh-v11 · 27751630002
Triggered via workflow_dispatch about 3 minutes ago

JOBS
* compose (ID 82103274098)
  ✓ Set up job
  ✓ Run actions/checkout@v4
  ✓ Configure git identity
  ✓ Resolve base ref
  ✓ Fetch base tag + refuse MSCL
  ✓ Materialize hhh-v11-base
  ✓ Discover open fork-feat PRs
  ✓ Compose hhh-v11
  ✓ Allowlist compose bot for CLA
  ✓ Install + build
  * Test api
  * Publish hhh-v11
  * Report skipped features or failed tests
  * Post Install + build
  * Post Run actions/checkout@v4
Refreshing run status every 3 seconds. Press Ctrl+C to quit.

* pr-controle compose-hhh-v11 · 27751630002
Triggered via workflow_dispatch about 3 minutes ago

JOBS
* compose (ID 82103274098)
  ✓ Set up job
  ✓ Run actions/checkout@v4
  ✓ Configure git identity
  ✓ Resolve base ref
  ✓ Fetch base tag + refuse MSCL
  ✓ Materialize hhh-v11-base
  ✓ Discover open fork-feat PRs
  ✓ Compose hhh-v11
  ✓ Allowlist compose bot for CLA
  ✓ Install + build
  * Test api
  * Publish hhh-v11
  * Report skipped features or failed tests
  * Post Install + build
  * Post Run actions/checkout@v4
Refreshing run status every 3 seconds. Press Ctrl+C to quit.

* pr-controle compose-hhh-v11 · 27751630002
Triggered via workflow_dispatch about 3 minutes ago

JOBS
* compose (ID 82103274098)
  ✓ Set up job
  ✓ Run actions/checkout@v4
  ✓ Configure git identity
  ✓ Resolve base ref
  ✓ Fetch base tag + refuse MSCL
  ✓ Materialize hhh-v11-base
  ✓ Discover open fork-feat PRs
  ✓ Compose hhh-v11
  ✓ Allowlist compose bot for CLA
  ✓ Install + build
  * Test api
  * Publish hhh-v11
  * Report skipped features or failed tests
  * Post Install + build
  * Post Run actions/checkout@v4
Refreshing run status every 3 seconds. Press Ctrl+C to quit.

* pr-controle compose-hhh-v11 · 27751630002
Triggered via workflow_dispatch about 3 minutes ago

JOBS
* compose (ID 82103274098)
  ✓ Set up job
  ✓ Run actions/checkout@v4
  ✓ Configure git identity
  ✓ Resolve base ref
  ✓ Fetch base tag + refuse MSCL
  ✓ Materialize hhh-v11-base
  ✓ Discover open fork-feat PRs
  ✓ Compose hhh-v11
  ✓ Allowlist compose bot for CLA
  ✓ Install + build
  ✓ Test api
  * Publish hhh-v11
  * Report skipped features or failed tests
  * Post Install + build
  * Post Run actions/checkout@v4
Refreshing run status every 3 seconds. Press Ctrl+C to quit.

* pr-controle compose-hhh-v11 · 27751630002
Triggered via workflow_dispatch about 3 minutes ago

JOBS
✓ compose in 3m39s (ID 82103274098)
  ✓ Set up job
  ✓ Run actions/checkout@v4
  ✓ Configure git identity
  ✓ Resolve base ref
  ✓ Fetch base tag + refuse MSCL
  ✓ Materialize hhh-v11-base
  ✓ Discover open fork-feat PRs
  ✓ Compose hhh-v11
  ✓ Allowlist compose bot for CLA
  ✓ Install + build
  ✓ Test api
  ✓ Publish hhh-v11
  - Report skipped features or failed tests
  ✓ Post Install + build
  ✓ Post Run actions/checkout@v4
  ✓ Complete job

ANNOTATIONS
! Node.js 20 is deprecated. The following actions target Node.js 20 but are being forced to run on Node.js 24: actions/checkout@v4, actions/setup-node@v4, pnpm/action-setup@v4. For more information see: https://github.blog/changelog/2025-09-19-deprecation-of-node-20-on-github-actions-runners/
compose: .github#2

✓ pr-controle compose-hhh-v11 · 27751630002
Triggered via workflow_dispatch about 3 minutes ago

JOBS
✓ compose in 3m39s (ID 82103274098)
  ✓ Set up job
  ✓ Run actions/checkout@v4
  ✓ Configure git identity
  ✓ Resolve base ref
  ✓ Fetch base tag + refuse MSCL
  ✓ Materialize hhh-v11-base
  ✓ Discover open fork-feat PRs
  ✓ Compose hhh-v11
  ✓ Allowlist compose bot for CLA
  ✓ Install + build
  ✓ Test api
  ✓ Publish hhh-v11
  - Report skipped features or failed tests
  ✓ Post Install + build
  ✓ Post Run actions/checkout@v4
  ✓ Complete job

ANNOTATIONS
! Node.js 20 is deprecated. The following actions target Node.js 20 but are being forced to run on Node.js 24: actions/checkout@v4, actions/setup-node@v4, pnpm/action-setup@v4. For more information see: https://github.blog/changelog/2025-09-19-deprecation-of-node-20-on-github-actions-runners/
compose: .github#2

